This is pdfTeX, Version 3.14159265-2.6-1.40.19 (TeX Live 2018) (preloaded format=pdflatex 2025.2.4)  4 FEB 2025 22:50
entering extended mode
 restricted \write18 enabled.
 %&-line parsing enabled.
**experiments/plots/37a63c3f-8821-4091-9d00-7f6652c217b1/model_architecture_lat
ex.tex

(./experiments/plots/37a63c3f-8821-4091-9d00-7f6652c217b1/model_architecture_la
tex.tex
LaTeX2e <2017-04-15>
Babel <3.17> and hyphenation patterns for 3 language(s) loaded.

! LaTeX Error: File `standalone.cls' not found.

Type X to quit or <RETURN> to proceed,
or enter new name. (Default extension: cls)

Enter file name: X

 )
(\end occurred when \ifx on line 2 was incomplete)
(\end occurred when \ifx on line 2 was incomplete) 
Here is how much of TeX's memory you used:
 11 strings out of 494917
 484 string characters out of 6180700
 45840 words of memory out of 5000000
 3426 multiletter control sequences out of 15000+600000
 3640 words of font info for 14 fonts, out of 8000000 for 9000
 14 hyphenation exceptions out of 8191
 10i,0n,7p,137b,8s stack positions out of 5000i,500n,10000p,200000b,80000s

No pages of output.
PDF statistics:
 0 PDF objects out of 1000 (max. 8388607)
 0 named destinations out of 1000 (max. 500000)
 1 words of extra memory for PDF output out of 10000 (max. 10000000)

